TN:
SF:src\assets\js\consts.js
FNF:0
FNH:0
DA:1,2
DA:2,2
DA:4,2
LF:3
LH:3
BRF:0
BRH:0
end_of_record
TN:
SF:src\assets\js\library.js
FN:4,(anonymous_0)
FN:8,(anonymous_1)
FN:11,(anonymous_2)
FN:18,(anonymous_3)
FN:24,(anonymous_4)
FN:52,(anonymous_5)
FN:71,(anonymous_6)
FN:81,(anonymous_7)
FN:88,(anonymous_8)
FN:106,(anonymous_9)
FN:120,(anonymous_10)
FN:138,(anonymous_11)
FN:159,(anonymous_12)
FNF:13
FNH:12
FNDA:17,(anonymous_0)
FNDA:3,(anonymous_1)
FNDA:6,(anonymous_2)
FNDA:10,(anonymous_3)
FNDA:4,(anonymous_4)
FNDA:7,(anonymous_5)
FNDA:1,(anonymous_6)
FNDA:3,(anonymous_7)
FNDA:2,(anonymous_8)
FNDA:9,(anonymous_9)
FNDA:3,(anonymous_10)
FNDA:2,(anonymous_11)
FNDA:0,(anonymous_12)
DA:5,17
DA:9,3
DA:10,3
DA:11,3
DA:12,6
DA:13,6
DA:16,3
DA:17,3
DA:18,3
DA:19,10
DA:20,10
DA:25,4
DA:26,4
DA:27,4
DA:29,4
DA:30,4
DA:31,4
DA:33,4
DA:34,4
DA:35,4
DA:37,4
DA:38,4
DA:39,4
DA:41,4
DA:42,4
DA:43,4
DA:45,4
DA:46,4
DA:47,4
DA:49,4
DA:52,17
DA:53,7
DA:54,7
DA:56,7
DA:57,7
DA:58,7
DA:60,7
DA:61,7
DA:62,7
DA:64,7
DA:65,7
DA:66,7
DA:68,7
DA:69,7
DA:71,7
DA:72,1
DA:73,1
DA:74,1
DA:76,7
DA:78,7
DA:82,3
DA:83,3
DA:84,3
DA:85,3
DA:87,3
DA:88,3
DA:89,2
DA:90,2
DA:107,9
DA:108,9
DA:109,9
DA:121,3
DA:122,6
DA:123,2
DA:126,1
DA:139,2
DA:140,2
DA:142,2
DA:143,4
DA:144,4
DA:148,2
DA:149,2
DA:150,2
DA:154,2
DA:155,2
DA:159,1
DA:160,0
LF:77
LH:76
BRDA:69,0,0,3
BRDA:69,0,1,4
BRDA:72,1,0,0
BRDA:72,1,1,1
BRDA:72,2,0,0
BRDA:72,2,1,1
BRDA:107,3,0,2
BRDA:107,3,1,7
BRDA:108,4,0,2
BRDA:108,4,1,7
BRDA:122,5,0,2
BRDA:122,5,1,4
BRDA:143,6,0,4
BRDA:143,6,1,0
BRDA:149,7,0,2
BRDA:149,7,1,0
BRF:16
BRH:12
end_of_record
TN:
SF:src\assets\js\player.js
FN:4,(anonymous_0)
FN:11,(anonymous_1)
FN:16,(anonymous_2)
FN:23,(anonymous_3)
FN:34,(anonymous_4)
FN:41,(anonymous_5)
FN:48,(anonymous_6)
FN:53,(anonymous_7)
FN:59,(anonymous_8)
FN:64,(anonymous_9)
FN:69,(anonymous_10)
FNF:11
FNH:11
FNDA:48,(anonymous_0)
FNDA:9,(anonymous_1)
FNDA:19,(anonymous_2)
FNDA:18,(anonymous_3)
FNDA:103,(anonymous_4)
FNDA:103,(anonymous_5)
FNDA:10,(anonymous_6)
FNDA:3,(anonymous_7)
FNDA:2,(anonymous_8)
FNDA:1,(anonymous_9)
FNDA:5,(anonymous_10)
DA:5,48
DA:6,48
DA:7,48
DA:8,48
DA:12,9
DA:13,9
DA:17,19
DA:18,13
DA:20,19
DA:24,18
DA:25,2
DA:26,2
DA:28,16
DA:29,16
DA:30,16
DA:31,16
DA:35,103
DA:38,103
DA:42,103
DA:45,103
DA:49,10
DA:50,10
DA:54,3
DA:55,3
DA:56,3
DA:60,2
DA:61,2
DA:65,1
DA:66,1
DA:70,5
LF:30
LH:30
BRDA:17,0,0,13
BRDA:17,0,1,6
BRDA:17,1,0,19
BRDA:17,1,1,15
BRDA:23,2,0,2
BRDA:24,3,0,2
BRDA:24,3,1,16
BRDA:25,4,0,1
BRDA:25,4,1,1
BRDA:35,5,0,100
BRDA:35,5,1,3
BRDA:42,6,0,100
BRDA:42,6,1,3
BRDA:55,7,0,1
BRDA:55,7,1,2
BRF:15
BRH:15
end_of_record
TN:
SF:src\assets\js\playlist.js
FN:7,(anonymous_0)
FN:13,(anonymous_1)
FN:24,(anonymous_2)
FN:25,(anonymous_3)
FN:30,(anonymous_4)
FN:38,(anonymous_5)
FN:41,(anonymous_6)
FN:71,(anonymous_7)
FN:82,(anonymous_8)
FN:87,(anonymous_9)
FN:92,(anonymous_10)
FN:97,(anonymous_11)
FN:107,(anonymous_12)
FN:111,(anonymous_13)
FN:118,(anonymous_14)
FN:124,(anonymous_15)
FN:128,(anonymous_16)
FN:132,(anonymous_17)
FN:136,(anonymous_18)
FN:140,(anonymous_19)
FN:145,(anonymous_20)
FN:150,(anonymous_21)
FN:155,(anonymous_22)
FN:160,(anonymous_23)
FN:165,(anonymous_24)
FN:170,(anonymous_25)
FN:171,(anonymous_26)
FN:172,(anonymous_27)
FN:173,(anonymous_28)
FN:174,(anonymous_29)
FN:175,(anonymous_30)
FN:176,(anonymous_31)
FN:178,(anonymous_32)
FN:185,(anonymous_33)
FN:195,(anonymous_34)
FNF:35
FNH:34
FNDA:28,(anonymous_0)
FNDA:1,(anonymous_1)
FNDA:2,(anonymous_2)
FNDA:3,(anonymous_3)
FNDA:2,(anonymous_4)
FNDA:3,(anonymous_5)
FNDA:1,(anonymous_6)
FNDA:3,(anonymous_7)
FNDA:1,(anonymous_8)
FNDA:1,(anonymous_9)
FNDA:1,(anonymous_10)
FNDA:1,(anonymous_11)
FNDA:1,(anonymous_12)
FNDA:4,(anonymous_13)
FNDA:3,(anonymous_14)
FNDA:1,(anonymous_15)
FNDA:7,(anonymous_16)
FNDA:1,(anonymous_17)
FNDA:1,(anonymous_18)
FNDA:1,(anonymous_19)
FNDA:1,(anonymous_20)
FNDA:1,(anonymous_21)
FNDA:1,(anonymous_22)
FNDA:1,(anonymous_23)
FNDA:1,(anonymous_24)
FNDA:2,(anonymous_25)
FNDA:1,(anonymous_26)
FNDA:1,(anonymous_27)
FNDA:1,(anonymous_28)
FNDA:1,(anonymous_29)
FNDA:1,(anonymous_30)
FNDA:3,(anonymous_31)
FNDA:2,(anonymous_32)
FNDA:1,(anonymous_33)
FNDA:0,(anonymous_34)
DA:8,28
DA:9,28
DA:10,28
DA:14,1
DA:18,1
DA:20,1
DA:21,1
DA:23,1
DA:24,1
DA:25,3
DA:28,1
DA:29,1
DA:30,1
DA:31,2
DA:32,2
DA:35,1
DA:39,3
DA:40,3
DA:41,3
DA:42,1
DA:43,1
DA:46,3
DA:47,3
DA:48,3
DA:50,3
DA:51,3
DA:52,3
DA:54,3
DA:55,3
DA:56,3
DA:58,3
DA:59,3
DA:60,3
DA:62,3
DA:63,3
DA:64,3
DA:68,3
DA:72,3
DA:73,3
DA:74,3
DA:76,3
DA:77,3
DA:83,1
DA:84,1
DA:88,1
DA:89,1
DA:93,1
DA:94,1
DA:99,1
DA:100,1
DA:101,1
DA:102,1
DA:103,1
DA:108,1
DA:112,4
DA:113,4
DA:114,4
DA:115,4
DA:119,3
DA:120,3
DA:121,2
DA:125,1
DA:129,7
DA:130,7
DA:131,7
DA:132,7
DA:133,1
DA:136,7
DA:137,1
DA:140,7
DA:141,1
DA:144,7
DA:145,7
DA:146,1
DA:149,7
DA:150,7
DA:151,1
DA:154,7
DA:155,7
DA:156,1
DA:159,7
DA:160,7
DA:161,1
DA:164,7
DA:165,7
DA:166,1
DA:171,2
DA:172,2
DA:173,2
DA:174,2
DA:175,2
DA:176,3
DA:178,2
DA:179,2
DA:180,2
DA:186,1
DA:187,1
DA:188,1
DA:189,1
DA:190,1
DA:191,1
DA:195,1
DA:196,0
LF:103
LH:102
BRDA:18,0,0,0
BRDA:18,0,1,1
BRDA:65,1,0,1
BRDA:65,1,1,2
BRDA:76,2,0,2
BRDA:76,2,1,1
BRDA:78,3,0,2
BRDA:78,3,1,1
BRDA:102,4,0,1
BRDA:102,4,1,0
BRDA:114,5,0,1
BRDA:114,5,1,3
BRDA:115,6,0,1
BRDA:115,6,1,3
BRDA:120,7,0,1
BRDA:120,7,1,2
BRDA:179,8,0,2
BRDA:179,8,1,0
BRF:18
BRH:15
end_of_record
TN:
SF:src\assets\js\playlist_editor.js
FN:5,(anonymous_0)
FN:9,(anonymous_1)
FN:11,(anonymous_2)
FN:18,(anonymous_3)
FN:23,(anonymous_4)
FN:43,(anonymous_5)
FN:51,(anonymous_6)
FN:65,(anonymous_7)
FN:67,(anonymous_8)
FN:72,(anonymous_9)
FN:79,(anonymous_10)
FN:90,(anonymous_11)
FN:102,(anonymous_12)
FN:104,(anonymous_13)
FN:105,(anonymous_14)
FN:113,(anonymous_15)
FNF:16
FNH:16
FNDA:14,(anonymous_0)
FNDA:5,(anonymous_1)
FNDA:25,(anonymous_2)
FNDA:1,(anonymous_3)
FNDA:4,(anonymous_4)
FNDA:1,(anonymous_5)
FNDA:5,(anonymous_6)
FNDA:1,(anonymous_7)
FNDA:1,(anonymous_8)
FNDA:2,(anonymous_9)
FNDA:1,(anonymous_10)
FNDA:1,(anonymous_11)
FNDA:3,(anonymous_12)
FNDA:2,(anonymous_13)
FNDA:2,(anonymous_14)
FNDA:1,(anonymous_15)
DA:6,14
DA:10,5
DA:11,5
DA:12,25
DA:13,25
DA:14,25
DA:19,1
DA:20,1
DA:24,4
DA:25,4
DA:26,4
DA:28,4
DA:29,4
DA:30,4
DA:31,4
DA:32,4
DA:34,4
DA:35,4
DA:36,4
DA:37,4
DA:38,4
DA:39,4
DA:41,4
DA:42,4
DA:43,4
DA:44,1
DA:46,4
DA:48,4
DA:52,5
DA:53,5
DA:54,5
DA:55,5
DA:57,5
DA:58,5
DA:60,5
DA:62,5
DA:63,5
DA:65,5
DA:66,1
DA:67,1
DA:68,1
DA:73,2
DA:74,2
DA:75,1
DA:76,1
DA:78,1
DA:79,1
DA:80,1
DA:81,1
DA:85,1
DA:91,1
DA:99,1
DA:103,3
DA:104,2
DA:105,2
DA:106,2
DA:108,2
DA:113,1
DA:114,1
LF:59
LH:59
BRDA:80,0,0,1
BRDA:80,0,1,0
BRDA:102,1,0,3
BRDA:103,2,0,2
BRDA:103,2,1,1
BRDA:103,3,0,3
BRDA:103,3,1,2
BRDA:103,3,2,2
BRF:8
BRH:7
end_of_record
TN:
SF:src\assets\js\storageManager.js
FN:8,(anonymous_0)
FN:13,(anonymous_1)
FN:19,(anonymous_2)
FN:23,(anonymous_3)
FN:24,(anonymous_4)
FN:27,(anonymous_5)
FN:33,(anonymous_6)
FN:35,(anonymous_7)
FN:41,(anonymous_8)
FN:43,(anonymous_9)
FN:49,(anonymous_10)
FNF:11
FNH:11
FNDA:9,(anonymous_0)
FNDA:18,(anonymous_1)
FNDA:9,(anonymous_2)
FNDA:2,(anonymous_3)
FNDA:1,(anonymous_4)
FNDA:1,(anonymous_5)
FNDA:2,(anonymous_6)
FNDA:1,(anonymous_7)
FNDA:3,(anonymous_8)
FNDA:2,(anonymous_9)
FNDA:1,(anonymous_10)
DA:5,75
DA:6,75
DA:9,9
DA:10,9
DA:14,18
DA:15,7
DA:20,9
DA:24,2
DA:28,1
DA:29,1
DA:30,1
DA:34,2
DA:35,2
DA:36,1
DA:38,2
DA:42,3
DA:43,2
DA:45,3
DA:46,3
DA:50,1
LF:20
LH:20
BRDA:13,0,0,2
BRDA:14,1,0,7
BRDA:14,1,1,11
BRDA:36,2,0,1
BRDA:36,2,1,0
BRDA:45,3,0,1
BRDA:45,3,1,2
BRF:7
BRH:6
end_of_record
TN:
SF:src\assets\js\utils.js
FN:3,formatTime
FN:11,modulo
FN:15,generateRandomID
FN:24,random
FNF:4
FNH:4
FNDA:8,formatTime
FNDA:10,modulo
FNDA:8,generateRandomID
FNDA:310,random
DA:4,8
DA:5,8
DA:6,8
DA:7,8
DA:8,8
DA:12,10
DA:16,8
DA:17,8
DA:18,8
DA:19,1280
DA:21,8
DA:25,310
LF:12
LH:12
BRDA:5,0,0,3
BRDA:5,0,1,5
BRDA:7,1,0,3
BRDA:7,1,1,5
BRDA:15,2,0,2
BRF:5
BRH:5
end_of_record
