<?xml version="1.0" encoding="UTF-8" ?>
<testsuites errors="0"
            failures="19"
            tests="1">

  <testsuite name="about"
    errors="0" failures="19" hostname="" id="" package="about" skipped="0"
    tests="1" time="10.98" timestamp="">
  
    <testcase name="Structure de la page à propos" classname="about" time="10.98" assertions="19">  <failure message="L&#39;entête existe sur la page in 500ms - expected &#34;is present&#34; but got: &#34;not present&#34; (538ms)">    at Object.validateHeader (C:\Users\AZUZ\Documents\session3\LOG2440\TP\tp3-2154216_2146612\nightwatch\tests\e2e\shared.js:9:20)
    at DescribeInstance.&lt;anonymous&gt; (C:\Users\AZUZ\Documents\session3\LOG2440\TP\tp3-2154216_2146612\nightwatch\tests\e2e\about.js:13:12)</failure>

      <failure message="Le menu de navigation existe dans l&#39;entête in 500ms - expected &#34;is present&#34; but got: &#34;not present&#34; (554ms)">    at Object.validateHeader (C:\Users\AZUZ\Documents\session3\LOG2440\TP\tp3-2154216_2146612\nightwatch\tests\e2e\shared.js:10:20)
    at DescribeInstance.&lt;anonymous&gt; (C:\Users\AZUZ\Documents\session3\LOG2440\TP\tp3-2154216_2146612\nightwatch\tests\e2e\about.js:13:12)</failure>

      <failure message="Le menu de navigation a l&#39;id &#39;nav-bar&#39; in 500ms - expected &#34;contains &#39;nav-bar&#39;&#34; but got: &#34;element could not be located&#34; (549ms)">    at Object.validateHeader (C:\Users\AZUZ\Documents\session3\LOG2440\TP\tp3-2154216_2146612\nightwatch\tests\e2e\shared.js:14:20)
    at DescribeInstance.&lt;anonymous&gt; (C:\Users\AZUZ\Documents\session3\LOG2440\TP\tp3-2154216_2146612\nightwatch\tests\e2e\about.js:13:12)</failure>

      <failure message="Le menu de navigation a la classe &#39;flex-column&#39; in 500ms - expected &#34;has flex-column&#34; but got: &#34;element could not be located&#34; (534ms)">    at Object.validateHeader (C:\Users\AZUZ\Documents\session3\LOG2440\TP\tp3-2154216_2146612\nightwatch\tests\e2e\shared.js:20:20)
    at DescribeInstance.&lt;anonymous&gt; (C:\Users\AZUZ\Documents\session3\LOG2440\TP\tp3-2154216_2146612\nightwatch\tests\e2e\about.js:13:12)</failure>

      <failure message="Le menu de navigation contient une liste in 500ms - expected &#34;is present&#34; but got: &#34;not present&#34; (2502ms)">    at Object.validateHeader (C:\Users\AZUZ\Documents\session3\LOG2440\TP\tp3-2154216_2146612\nightwatch\tests\e2e\shared.js:25:20)
    at DescribeInstance.&lt;anonymous&gt; (C:\Users\AZUZ\Documents\session3\LOG2440\TP\tp3-2154216_2146612\nightwatch\tests\e2e\about.js:13:12)</failure>

      <failure message="La liste a la classe &#39;flex-column&#39; in 500ms - expected &#34;has flex-column&#34; but got: &#34;element could not be located&#34; (526ms)">    at Object.validateHeader (C:\Users\AZUZ\Documents\session3\LOG2440\TP\tp3-2154216_2146612\nightwatch\tests\e2e\shared.js:29:20)
    at DescribeInstance.&lt;anonymous&gt; (C:\Users\AZUZ\Documents\session3\LOG2440\TP\tp3-2154216_2146612\nightwatch\tests\e2e\about.js:13:12)</failure>

      <failure message="Failed [equal]: (Le menu de navigation doit comporter 3 liens.) - expected &#34;3&#34; but got: &#34;0&#34; (0ms)">    at NightwatchAPI.&lt;anonymous&gt; (C:\Users\AZUZ\Documents\session3\LOG2440\TP\tp3-2154216_2146612\nightwatch\tests\e2e\shared.js:37:22)</failure>

      <failure message="L&#39;élément &#39;main&#39; est présent sur la page in 500ms - expected &#34;is present&#34; but got: &#34;not present&#34; (560ms)">    at DescribeInstance.&lt;anonymous&gt; (C:\Users\AZUZ\Documents\session3\LOG2440\TP\tp3-2154216_2146612\nightwatch\tests\e2e\about.js:15:20)</failure>

      <failure message="L&#39;élément &#39;main&#39; a l&#39;id &#39;main-area&#39; in 500ms - expected &#34;contains &#39;main-area&#39;&#34; but got: &#34;element could not be located&#34; (546ms)">    at DescribeInstance.&lt;anonymous&gt; (C:\Users\AZUZ\Documents\session3\LOG2440\TP\tp3-2154216_2146612\nightwatch\tests\e2e\about.js:19:20)</failure>

      <failure message="L&#39;élément &#39;main&#39; a la classe &#39;flex-column&#39; in 500ms - expected &#34;has flex-column&#34; but got: &#34;element could not be located&#34; (522ms)">    at DescribeInstance.&lt;anonymous&gt; (C:\Users\AZUZ\Documents\session3\LOG2440\TP\tp3-2154216_2146612\nightwatch\tests\e2e\about.js:25:20)</failure>

      <failure message="Une section est présente sur la page.  in 500ms - expected &#34;is present&#34; but got: &#34;not present&#34; (551ms)">    at DescribeInstance.&lt;anonymous&gt; (C:\Users\AZUZ\Documents\session3\LOG2440\TP\tp3-2154216_2146612\nightwatch\tests\e2e\about.js:30:20)</failure>

      <failure message="L&#39;élément &#39;section&#39; a les classes &#39;flex-column&#39; et &#39;align-center&#39; in 500ms - expected &#34;has flex-column align-center&#34; but got: &#34;element could not be located&#34; (535ms)">    at DescribeInstance.&lt;anonymous&gt; (C:\Users\AZUZ\Documents\session3\LOG2440\TP\tp3-2154216_2146612\nightwatch\tests\e2e\about.js:34:20)</failure>

      <failure message="Un titre est présent sur la page in 500ms - expected &#34;is present&#34; but got: &#34;not present&#34; (554ms)">    at DescribeInstance.&lt;anonymous&gt; (C:\Users\AZUZ\Documents\session3\LOG2440\TP\tp3-2154216_2146612\nightwatch\tests\e2e\about.js:39:20)</failure>

      <failure message="Un paragraphe est présent sur la page in 500ms - expected &#34;is present&#34; but got: &#34;not present&#34; (553ms)">    at DescribeInstance.&lt;anonymous&gt; (C:\Users\AZUZ\Documents\session3\LOG2440\TP\tp3-2154216_2146612\nightwatch\tests\e2e\about.js:43:20)</failure>

      <failure message="Une liste est présente sur la page in 500ms - expected &#34;is present&#34; but got: &#34;not present&#34; (551ms)">    at DescribeInstance.&lt;anonymous&gt; (C:\Users\AZUZ\Documents\session3\LOG2440\TP\tp3-2154216_2146612\nightwatch\tests\e2e\about.js:47:20)</failure>

      <failure message="Failed [equal]: (La liste doit contenir 6 raccourcis) - expected &#34;6&#34; but got: &#34;0&#34; (0ms)">    at NightwatchAPI.&lt;anonymous&gt; (C:\Users\AZUZ\Documents\session3\LOG2440\TP\tp3-2154216_2146612\nightwatch\tests\e2e\about.js:52:22)</failure>

      <failure message="Le pied de page existe in 500ms - expected &#34;is present&#34; but got: &#34;not present&#34; (552ms)">    at Object.validateFooter (C:\Users\AZUZ\Documents\session3\LOG2440\TP\tp3-2154216_2146612\nightwatch\tests\e2e\shared.js:73:20)
    at DescribeInstance.&lt;anonymous&gt; (C:\Users\AZUZ\Documents\session3\LOG2440\TP\tp3-2154216_2146612\nightwatch\tests\e2e\about.js:58:12)</failure>

      <failure message="L&#39;élément &#39;footer&#39; a l&#39;id &#39;playing-bar&#39; in 500ms - expected &#34;contains &#39;playing-bar&#39;&#34; but got: &#34;element could not be located&#34; (530ms)">    at Object.validateFooter (C:\Users\AZUZ\Documents\session3\LOG2440\TP\tp3-2154216_2146612\nightwatch\tests\e2e\shared.js:74:20)
    at DescribeInstance.&lt;anonymous&gt; (C:\Users\AZUZ\Documents\session3\LOG2440\TP\tp3-2154216_2146612\nightwatch\tests\e2e\about.js:58:12)</failure>

      <failure message="Failed [equal]: (Le pied de page doit contenir 2 noms) - expected &#34;2&#34; but got: &#34;0&#34; (0ms)">    at NightwatchAPI.&lt;anonymous&gt; (C:\Users\AZUZ\Documents\session3\LOG2440\TP\tp3-2154216_2146612\nightwatch\tests\e2e\shared.js:81:22)</failure>

    
    </testcase>
  

  
    <system-err>
       ✖ TypeError
   Cannot read properties of null (reading &#39;playlist&#39;)

    Error location:
    C:\Users\AZUZ\Documents\session3\LOG2440\TP\tp3-2154216_2146612\nightwatch\tests\e2e\playlist.js:
    ––––––––––––––––––––––––––––––––––––––––––––––––––––––––––––––––––––––––––––––––––––––––––––––––––
     16 |       [],
     17 |       (result) =&gt; {
     18 |         EXPECTED_PLAYLIST = JSON.parse(result.value.playlist).find( 
     19 |           (x) =&gt; x.id === &#34;1&#34;
     20 |         );
    ––––––––––––––––––––––––––––––––––––––––––––––––––––––––––––––––––––––––––––––––––––––––––––––––––

    Stack Trace :
    at NightwatchAPI.&lt;anonymous&gt; (C:\Users\AZUZ\Documents\session3\LOG2440\TP\tp3-2154216_2146612\nightwatch\tests\e2e\playlist.js:18:53)
    at Function.makePromise (C:\Users\AZUZ\Documents\session3\LOG2440\TP\tp3-2154216_2146612\nightwatch\node_modules\nightwatch\lib\utils\index.js:184:28)
    at C:\Users\AZUZ\Documents\session3\LOG2440\TP\tp3-2154216_2146612\nightwatch\node_modules\nightwatch\lib\core\client.js:276:47
    at processTicksAndRejections (node:internal/process/task_queues:96:5)

 ✖ TypeError
   Cannot read properties of null (reading &#39;playlist&#39;)

    Error location:
    C:\Users\AZUZ\Documents\session3\LOG2440\TP\tp3-2154216_2146612\nightwatch\tests\e2e\index.js:
    –––––––––––––––––––––––––––––––––––––––––––––––––––––––––––––––––––––––––––––––––––––––––––––––
     10 |       [],
     11 |       (result) =&gt; {
     12 |         EXPECTED_PLAYLISTS = JSON.parse(result.value.playlist); 
     13 |         EXPECTED_SONGS = JSON.parse(result.value.songs);
     14 |       }
    –––––––––––––––––––––––––––––––––––––––––––––––––––––––––––––––––––––––––––––––––––––––––––––––

    Stack Trace :
    at NightwatchAPI.&lt;anonymous&gt; (C:\Users\AZUZ\Documents\session3\LOG2440\TP\tp3-2154216_2146612\nightwatch\tests\e2e\index.js:12:54)
    at Function.makePromise (C:\Users\AZUZ\Documents\session3\LOG2440\TP\tp3-2154216_2146612\nightwatch\node_modules\nightwatch\lib\utils\index.js:184:28)
    at C:\Users\AZUZ\Documents\session3\LOG2440\TP\tp3-2154216_2146612\nightwatch\node_modules\nightwatch\lib\core\client.js:276:47
    at processTicksAndRejections (node:internal/process/task_queues:96:5)

 ✖ TypeError
   Cannot read properties of null (reading &#39;playlist&#39;)

    Error location:
    C:\Users\AZUZ\Documents\session3\LOG2440\TP\tp3-2154216_2146612\nightwatch\tests\e2e\index.js:
    –––––––––––––––––––––––––––––––––––––––––––––––––––––––––––––––––––––––––––––––––––––––––––––––
     10 |       [],
     11 |       (result) =&gt; {
     12 |         EXPECTED_PLAYLISTS = JSON.parse(result.value.playlist); 
     13 |         EXPECTED_SONGS = JSON.parse(result.value.songs);
     14 |       }
    –––––––––––––––––––––––––––––––––––––––––––––––––––––––––––––––––––––––––––––––––––––––––––––––

    Stack Trace :
    at NightwatchAPI.&lt;anonymous&gt; (C:\Users\AZUZ\Documents\session3\LOG2440\TP\tp3-2154216_2146612\nightwatch\tests\e2e\index.js:12:54)
    at Function.makePromise (C:\Users\AZUZ\Documents\session3\LOG2440\TP\tp3-2154216_2146612\nightwatch\node_modules\nightwatch\lib\utils\index.js:184:28)
    at C:\Users\AZUZ\Documents\session3\LOG2440\TP\tp3-2154216_2146612\nightwatch\node_modules\nightwatch\lib\core\client.js:276:47
    at processTicksAndRejections (node:internal/process/task_queues:96:5)

    </system-err>
  

    

  
  </testsuite>
</testsuites>
